<?xml version="1.0" encoding="utf-8"?><testsuites name="pytest tests"><testsuite name="pytest" errors="0" failures="0" skipped="0" tests="35" time="14.653" timestamp="2026-02-19T23:10:26.413620+00:00" hostname="agent-env-fed702e9-1e01-433b-830b-c05863483446"><testcase classname="tests.test_safeguard_api.TestHealthCheck" name="test_health_endpoint" time="2.092" /><testcase classname="tests.test_safeguard_api.TestHealthCheck" name="test_root_endpoint" time="0.165" /><testcase classname="tests.test_safeguard_api.TestAuthentication" name="test_register_new_user" time="0.450" /><testcase classname="tests.test_safeguard_api.TestAuthentication" name="test_register_duplicate_email" time="0.572" /><testcase classname="tests.test_safeguard_api.TestAuthentication" name="test_login_success" time="0.403" /><testcase classname="tests.test_safeguard_api.TestAuthentication" name="test_login_invalid_credentials" time="0.165" /><testcase classname="tests.test_safeguard_api.TestAuthentication" name="test_get_current_user" time="0.155" /><testcase classname="tests.test_safeguard_api.TestAuthentication" name="test_get_current_user_no_token" time="0.143" /><testcase classname="tests.test_safeguard_api.TestEmergencyContacts" name="test_create_emergency_contact" time="0.660" /><testcase classname="tests.test_safeguard_api.TestEmergencyContacts" name="test_get_emergency_contacts" time="0.351" /><testcase classname="tests.test_safeguard_api.TestEmergencyContacts" name="test_update_emergency_contact" time="0.292" /><testcase classname="tests.test_safeguard_api.TestEmergencyContacts" name="test_delete_emergency_contact" time="0.446" /><testcase classname="tests.test_safeguard_api.TestSOSAlerts" name="test_trigger_sos" time="0.547" /><testcase classname="tests.test_safeguard_api.TestSOSAlerts" name="test_get_sos_history" time="0.279" /><testcase classname="tests.test_safeguard_api.TestSOSAlerts" name="test_resolve_sos" time="0.286" /><testcase classname="tests.test_safeguard_api.TestGoingOutMode" name="test_start_going_out_session" time="0.544" /><testcase classname="tests.test_safeguard_api.TestGoingOutMode" name="test_get_active_going_out_session" time="0.319" /><testcase classname="tests.test_safeguard_api.TestGoingOutMode" name="test_end_going_out_session" time="0.306" /><testcase classname="tests.test_safeguard_api.TestGoingOutMode" name="test_checkin_response" time="0.235" /><testcase classname="tests.test_safeguard_api.TestJourneySharing" name="test_start_journey_share" time="0.578" /><testcase classname="tests.test_safeguard_api.TestJourneySharing" name="test_get_active_journey" time="0.336" /><testcase classname="tests.test_safeguard_api.TestJourneySharing" name="test_public_journey_tracking" time="0.272" /><testcase classname="tests.test_safeguard_api.TestJourneySharing" name="test_update_journey_location" time="0.266" /><testcase classname="tests.test_safeguard_api.TestJourneySharing" name="test_end_journey_share" time="0.252" /><testcase classname="tests.test_safeguard_api.TestUserSettings" name="test_get_user_settings" time="0.673" /><testcase classname="tests.test_safeguard_api.TestUserSettings" name="test_update_user_settings" time="0.112" /><testcase classname="tests.test_safeguard_api.TestUserSettings" name="test_settings_persistence" time="0.276" /><testcase classname="tests.test_safeguard_api.TestFakeCallContacts" name="test_create_fake_call_contact" time="0.565" /><testcase classname="tests.test_safeguard_api.TestFakeCallContacts" name="test_get_fake_call_contacts" time="0.283" /><testcase classname="tests.test_safeguard_api.TestFakeCallContacts" name="test_delete_fake_call_contact" time="0.261" /><testcase classname="tests.test_safeguard_api.TestLocationTracking" name="test_save_location" time="0.594" /><testcase classname="tests.test_safeguard_api.TestLocationTracking" name="test_get_location_history" time="0.542" /><testcase classname="tests.test_safeguard_api.TestBatteryAndShutdown" name="test_battery_update_normal" time="0.583" /><testcase classname="tests.test_safeguard_api.TestBatteryAndShutdown" name="test_battery_update_low" time="0.285" /><testcase classname="tests.test_safeguard_api.TestBatteryAndShutdown" name="test_shutdown_alert" time="0.159" /></testsuite></testsuites>